
  .   ____          _            __ _ _
 /\\ / ___'_ __ _ _(_)_ __  __ _ \ \ \ \
( ( )\___ | '_ | '_| | '_ \/ _` | \ \ \ \
 \\/  ___)| |_)| | | | | || (_| |  ) ) ) )
  '  |____| .__|_| |_|_| |_\__, | / / / /
 =========|_|==============|___/=/_/_/_/
 :: Spring Boot ::        (v2.3.2.RELEASE)

2023-08-31 23:33:02.802  INFO 46321 --- [           main] com.sparrow.boot.ApplicationBoot         : Starting ApplicationBoot on bogon with PID 46321 (/Users/zhanglizhi/workspace/sparrow/lesson-lottery/target/lesson-lottery-exe.jar started by zhanglizhi in /Users/zhanglizhi/workspace/sparrow/lesson-lottery/target)
2023-08-31 23:33:02.806  INFO 46321 --- [           main] com.sparrow.boot.ApplicationBoot         : No active profile set, falling back to default profiles: default
2023-08-31 23:33:05.093  INFO 46321 --- [           main] o.s.b.w.embedded.tomcat.TomcatWebServer  : Tomcat initialized with port(s): 8080 (http)
2023-08-31 23:33:05.108  INFO 46321 --- [           main] o.apache.catalina.core.StandardService   : Starting service [Tomcat]
2023-08-31 23:33:05.108  INFO 46321 --- [           main] org.apache.catalina.core.StandardEngine  : Starting Servlet engine: [Apache Tomcat/9.0.37]
2023-08-31 23:33:05.218  INFO 46321 --- [           main] o.a.c.c.C.[Tomcat].[localhost].[/]       : Initializing Spring embedded WebApplicationContext
2023-08-31 23:33:05.219  INFO 46321 --- [           main] w.s.c.ServletWebServerApplicationContext : Root WebApplicationContext: initialization completed in 2274 ms
2023-08-31 23:33:05.779  INFO 46321 --- [           main] o.s.s.concurrent.ThreadPoolTaskExecutor  : Initializing ExecutorService 'applicationTaskExecutor'
2023-08-31 23:33:06.027  INFO 46321 --- [           main] o.s.b.a.w.s.WelcomePageHandlerMapping    : Adding welcome page: class path resource [static/index.html]
2023-08-31 23:33:06.250  INFO 46321 --- [           main] o.s.b.w.embedded.tomcat.TomcatWebServer  : Tomcat started on port(s): 8080 (http) with context path ''
2023-08-31 23:33:06.283  INFO 46321 --- [           main] com.sparrow.boot.ApplicationBoot         : Started ApplicationBoot in 4.429 seconds (JVM running for 5.215)
2023-08-31 23:33:07.247  INFO 46321 --- [nio-8080-exec-1] o.a.c.c.C.[Tomcat].[localhost].[/]       : Initializing Spring DispatcherServlet 'dispatcherServlet'
2023-08-31 23:33:07.247  INFO 46321 --- [nio-8080-exec-1] o.s.web.servlet.DispatcherServlet        : Initializing Servlet 'dispatcherServlet'
2023-08-31 23:33:07.271  INFO 46321 --- [nio-8080-exec-1] o.s.web.servlet.DispatcherServlet        : Completed initialization in 24 ms
2023-08-31 23:33:45.891  INFO 46321 --- [nio-8080-exec-2] o.apache.tomcat.util.http.parser.Cookie  : A cookie header was received [1693409844,1693494902,1693495647; Hm_lpvt_11daae2d559a82e0e8bd4872ad217164=1693495650] that contained an invalid cookie. That cookie will be ignored.
 Note: further occurrences of this error will be logged at DEBUG level.
